<?xml version="1.0" encoding="UTF-8"?>
<!-- Generated by org.testng.reporters.JUnitReportReporter -->
<testsuite hostname="QB-TP3-2489" failures="0" tests="1" name="ComplexJsonParse2" time="1.066" errors="0" timestamp="2024-06-19T12:29:47 IST" skipped="0">
  <testcase classname="ComplexJsonParse2" name="coursesSum" time="1.066"/>
</testsuite> <!-- ComplexJsonParse2 -->
